2023-08-23 23:27:39.160 [background-preinit] [INFO] [o.h.validator.internal.util.Version] - HV000001: Hibernate Validator 6.2.5.Final
2023-08-23 23:27:39.163 [main] [INFO] [sh.radical.school.SchoolApplication] - Starting SchoolApplication using Java 17.0.4 on saiprasadsomanchis-MacBook-Pro.local with PID 12869 (/Users/saiprasadsomanchi/Documents/personal/SpringSecurityLearning/school/build/classes/java/main started by saiprasadsomanchi in /Users/saiprasadsomanchi/Documents/personal/SpringSecurityLearning/school)
2023-08-23 23:27:39.165 [main] [INFO] [sh.radical.school.SchoolApplication] - No active profile set, falling back to 1 default profile: "default"
2023-08-23 23:27:40.323 [main] [INFO] [o.s.d.r.c.RepositoryConfigurationDelegate] - Bootstrapping Spring Data JPA repositories in DEFAULT mode.
2023-08-23 23:27:40.382 [main] [INFO] [o.s.d.r.c.RepositoryConfigurationDelegate] - Finished Spring Data repository scanning in 53 ms. Found 1 JPA repository interfaces.
2023-08-23 23:27:40.866 [main] [INFO] [o.s.b.w.e.tomcat.TomcatWebServer] - Tomcat initialized with port(s): 8080 (http)
2023-08-23 23:27:40.873 [main] [INFO] [o.a.coyote.http11.Http11NioProtocol] - Initializing ProtocolHandler ["http-nio-8080"]
2023-08-23 23:27:40.874 [main] [INFO] [o.a.catalina.core.StandardService] - Starting service [Tomcat]
2023-08-23 23:27:40.874 [main] [INFO] [o.a.catalina.core.StandardEngine] - Starting Servlet engine: [Apache Tomcat/9.0.71]
2023-08-23 23:27:40.973 [main] [INFO] [o.a.c.c.C.[Tomcat].[localhost].[/]] - Initializing Spring embedded WebApplicationContext
2023-08-23 23:27:40.973 [main] [INFO] [o.s.b.w.s.c.ServletWebServerApplicationContext] - Root WebApplicationContext: initialization completed in 1697 ms
2023-08-23 23:27:41.221 [main] [INFO] [o.h.jpa.internal.util.LogHelper] - HHH000204: Processing PersistenceUnitInfo [name: default]
2023-08-23 23:27:41.245 [main] [INFO] [org.hibernate.Version] - HHH000412: Hibernate ORM core version 5.6.15.Final
2023-08-23 23:27:41.316 [main] [INFO] [o.h.annotations.common.Version] - HCANN000001: Hibernate Commons Annotations {5.1.2.Final}
2023-08-23 23:27:41.416 [main] [INFO] [com.zaxxer.hikari.HikariDataSource] - HikariPool-1 - Starting...
2023-08-23 23:27:41.572 [main] [INFO] [com.zaxxer.hikari.HikariDataSource] - HikariPool-1 - Start completed.
2023-08-23 23:27:41.582 [main] [INFO] [org.hibernate.dialect.Dialect] - HHH000400: Using dialect: org.hibernate.dialect.PostgreSQLDialect
2023-08-23 23:27:41.883 [main] [INFO] [o.h.e.t.j.p.i.JtaPlatformInitiator] - HHH000490: Using JtaPlatform implementation: [org.hibernate.engine.transaction.jta.platform.internal.NoJtaPlatform]
2023-08-23 23:27:41.888 [main] [INFO] [o.s.o.j.LocalContainerEntityManagerFactoryBean] - Initialized JPA EntityManagerFactory for persistence unit 'default'
2023-08-23 23:27:42.162 [main] [WARN] [o.s.b.a.s.s.UserDetailsServiceAutoConfiguration] - 

Using generated security password: d04cc8fd-b62d-4ca2-91f7-5883ffd6ec53

This generated password is for development use only. Your security configuration must be updated before running your application in production.

2023-08-23 23:27:42.290 [main] [WARN] [o.s.b.a.o.j.JpaBaseConfiguration$JpaWebConfiguration] - spring.jpa.open-in-view is enabled by default. Therefore, database queries may be performed during view rendering. Explicitly configure spring.jpa.open-in-view to disable this warning
2023-08-23 23:27:43.017 [main] [INFO] [o.s.s.web.DefaultSecurityFilterChain] - Will secure any request with [org.springframework.security.web.session.DisableEncodeUrlFilter@192ecf8, org.springframework.security.web.context.request.async.WebAsyncManagerIntegrationFilter@263e512e, org.springframework.security.web.context.SecurityContextPersistenceFilter@7b9fea11, org.springframework.security.web.header.HeaderWriterFilter@1c5fd813, org.springframework.web.filter.CorsFilter@62c42a3, org.springframework.security.web.authentication.logout.LogoutFilter@44e4cf8a, sh.radical.school.configurations.BasicAuthenticationFilter@7e34b127, org.springframework.security.web.savedrequest.RequestCacheAwareFilter@56e78538, org.springframework.security.web.servletapi.SecurityContextHolderAwareRequestFilter@54d46c8, org.springframework.security.web.authentication.AnonymousAuthenticationFilter@6a8bcb64, org.springframework.security.web.session.SessionManagementFilter@3c9971af, org.springframework.security.web.access.ExceptionTranslationFilter@7adbec34]
2023-08-23 23:27:43.403 [main] [INFO] [o.a.coyote.http11.Http11NioProtocol] - Starting ProtocolHandler ["http-nio-8080"]
2023-08-23 23:27:43.416 [main] [INFO] [o.s.b.w.e.tomcat.TomcatWebServer] - Tomcat started on port(s): 8080 (http) with context path ''
2023-08-23 23:27:43.534 [main] [INFO] [o.s.b.w.e.tomcat.TomcatWebServer] - Tomcat initialized with port(s): 8081 (http)
2023-08-23 23:27:43.535 [main] [INFO] [o.a.coyote.http11.Http11NioProtocol] - Initializing ProtocolHandler ["http-nio-8081"]
2023-08-23 23:27:43.536 [main] [INFO] [o.a.catalina.core.StandardService] - Starting service [Tomcat]
2023-08-23 23:27:43.536 [main] [INFO] [o.a.catalina.core.StandardEngine] - Starting Servlet engine: [Apache Tomcat/9.0.71]
2023-08-23 23:27:43.553 [main] [INFO] [o.a.c.c.C.[Tomcat-1].[localhost].[/]] - Initializing Spring embedded WebApplicationContext
2023-08-23 23:27:43.553 [main] [INFO] [o.s.b.w.s.c.ServletWebServerApplicationContext] - Root WebApplicationContext: initialization completed in 133 ms
2023-08-23 23:27:43.564 [main] [INFO] [o.s.b.a.e.web.EndpointLinksResolver] - Exposing 3 endpoint(s) beneath base path '/actuator'
2023-08-23 23:27:43.780 [main] [INFO] [o.a.coyote.http11.Http11NioProtocol] - Starting ProtocolHandler ["http-nio-8081"]
2023-08-23 23:27:43.782 [main] [INFO] [o.s.b.w.e.tomcat.TomcatWebServer] - Tomcat started on port(s): 8081 (http) with context path ''
2023-08-23 23:27:43.799 [main] [INFO] [sh.radical.school.SchoolApplication] - Started SchoolApplication in 5.022 seconds (JVM running for 5.901)
2023-08-23 23:27:44.508 [RMI TCP Connection(1)-192.168.1.34] [INFO] [o.a.c.c.C.[Tomcat].[localhost].[/]] - Initializing Spring DispatcherServlet 'dispatcherServlet'
2023-08-23 23:27:44.508 [RMI TCP Connection(1)-192.168.1.34] [INFO] [o.s.web.servlet.DispatcherServlet] - Initializing Servlet 'dispatcherServlet'
2023-08-23 23:27:44.509 [RMI TCP Connection(1)-192.168.1.34] [INFO] [o.s.web.servlet.DispatcherServlet] - Completed initialization in 1 ms
2023-08-23 23:27:52.993 [http-nio-8080-exec-5] [INFO] [o.s.api.AbstractOpenApiResource] - Init duration for springdoc-openapi is: 349 ms
2023-08-23 23:34:48.281 [SpringApplicationShutdownHook] [INFO] [o.s.o.j.LocalContainerEntityManagerFactoryBean] - Closing JPA EntityManagerFactory for persistence unit 'default'
2023-08-23 23:34:48.287 [SpringApplicationShutdownHook] [INFO] [com.zaxxer.hikari.HikariDataSource] - HikariPool-1 - Shutdown initiated...
2023-08-23 23:34:48.295 [SpringApplicationShutdownHook] [INFO] [com.zaxxer.hikari.HikariDataSource] - HikariPool-1 - Shutdown completed.
2023-08-23 23:42:06.317 [background-preinit] [INFO] [o.h.validator.internal.util.Version] - HV000001: Hibernate Validator 6.2.5.Final
2023-08-23 23:42:06.318 [main] [INFO] [sh.radical.school.SchoolApplication] - Starting SchoolApplication using Java 17.0.4 on saiprasadsomanchis-MacBook-Pro.local with PID 14491 (/Users/saiprasadsomanchi/Documents/personal/SpringSecurityLearning/school/build/classes/java/main started by saiprasadsomanchi in /Users/saiprasadsomanchi/Documents/personal/SpringSecurityLearning/school)
2023-08-23 23:42:06.319 [main] [INFO] [sh.radical.school.SchoolApplication] - No active profile set, falling back to 1 default profile: "default"
2023-08-23 23:42:07.463 [main] [INFO] [o.s.d.r.c.RepositoryConfigurationDelegate] - Bootstrapping Spring Data JPA repositories in DEFAULT mode.
2023-08-23 23:42:07.521 [main] [INFO] [o.s.d.r.c.RepositoryConfigurationDelegate] - Finished Spring Data repository scanning in 53 ms. Found 1 JPA repository interfaces.
2023-08-23 23:42:08.015 [main] [INFO] [o.s.b.w.e.tomcat.TomcatWebServer] - Tomcat initialized with port(s): 8080 (http)
2023-08-23 23:42:08.019 [main] [INFO] [o.a.coyote.http11.Http11NioProtocol] - Initializing ProtocolHandler ["http-nio-8080"]
2023-08-23 23:42:08.020 [main] [INFO] [o.a.catalina.core.StandardService] - Starting service [Tomcat]
2023-08-23 23:42:08.020 [main] [INFO] [o.a.catalina.core.StandardEngine] - Starting Servlet engine: [Apache Tomcat/9.0.71]
2023-08-23 23:42:08.107 [main] [INFO] [o.a.c.c.C.[Tomcat].[localhost].[/]] - Initializing Spring embedded WebApplicationContext
2023-08-23 23:42:08.108 [main] [INFO] [o.s.b.w.s.c.ServletWebServerApplicationContext] - Root WebApplicationContext: initialization completed in 1687 ms
2023-08-23 23:42:08.376 [main] [INFO] [o.h.jpa.internal.util.LogHelper] - HHH000204: Processing PersistenceUnitInfo [name: default]
2023-08-23 23:42:08.401 [main] [INFO] [org.hibernate.Version] - HHH000412: Hibernate ORM core version 5.6.15.Final
2023-08-23 23:42:08.466 [main] [INFO] [o.h.annotations.common.Version] - HCANN000001: Hibernate Commons Annotations {5.1.2.Final}
2023-08-23 23:42:08.555 [main] [INFO] [com.zaxxer.hikari.HikariDataSource] - HikariPool-1 - Starting...
2023-08-23 23:42:08.727 [main] [INFO] [com.zaxxer.hikari.HikariDataSource] - HikariPool-1 - Start completed.
2023-08-23 23:42:08.738 [main] [INFO] [org.hibernate.dialect.Dialect] - HHH000400: Using dialect: org.hibernate.dialect.PostgreSQLDialect
2023-08-23 23:42:09.064 [main] [INFO] [o.h.e.t.j.p.i.JtaPlatformInitiator] - HHH000490: Using JtaPlatform implementation: [org.hibernate.engine.transaction.jta.platform.internal.NoJtaPlatform]
2023-08-23 23:42:09.069 [main] [INFO] [o.s.o.j.LocalContainerEntityManagerFactoryBean] - Initialized JPA EntityManagerFactory for persistence unit 'default'
2023-08-23 23:42:09.352 [main] [WARN] [o.s.b.a.s.s.UserDetailsServiceAutoConfiguration] - 

Using generated security password: a99b4175-cb96-47ab-9200-d5e5634b0375

This generated password is for development use only. Your security configuration must be updated before running your application in production.

2023-08-23 23:42:09.479 [main] [WARN] [o.s.b.a.o.j.JpaBaseConfiguration$JpaWebConfiguration] - spring.jpa.open-in-view is enabled by default. Therefore, database queries may be performed during view rendering. Explicitly configure spring.jpa.open-in-view to disable this warning
2023-08-23 23:42:10.251 [main] [INFO] [o.s.s.web.DefaultSecurityFilterChain] - Will secure any request with [org.springframework.security.web.session.DisableEncodeUrlFilter@1e033801, org.springframework.security.web.context.request.async.WebAsyncManagerIntegrationFilter@58e4aa67, org.springframework.security.web.context.SecurityContextPersistenceFilter@67ceaa9, org.springframework.security.web.header.HeaderWriterFilter@296bfddb, org.springframework.web.filter.CorsFilter@57ed8f95, org.springframework.security.web.authentication.logout.LogoutFilter@2ec156fb, sh.radical.school.configurations.BasicAuthenticationFilter@4538856f, org.springframework.security.web.savedrequest.RequestCacheAwareFilter@6fdb1a59, org.springframework.security.web.servletapi.SecurityContextHolderAwareRequestFilter@acd115d, org.springframework.security.web.authentication.AnonymousAuthenticationFilter@1c25deb0, org.springframework.security.web.session.SessionManagementFilter@32f14274, org.springframework.security.web.access.ExceptionTranslationFilter@42fa5cb]
2023-08-23 23:42:10.583 [main] [INFO] [o.a.coyote.http11.Http11NioProtocol] - Starting ProtocolHandler ["http-nio-8080"]
2023-08-23 23:42:10.596 [main] [INFO] [o.s.b.w.e.tomcat.TomcatWebServer] - Tomcat started on port(s): 8080 (http) with context path ''
2023-08-23 23:42:10.713 [main] [INFO] [o.s.b.w.e.tomcat.TomcatWebServer] - Tomcat initialized with port(s): 8081 (http)
2023-08-23 23:42:10.714 [main] [INFO] [o.a.coyote.http11.Http11NioProtocol] - Initializing ProtocolHandler ["http-nio-8081"]
2023-08-23 23:42:10.714 [main] [INFO] [o.a.catalina.core.StandardService] - Starting service [Tomcat]
2023-08-23 23:42:10.714 [main] [INFO] [o.a.catalina.core.StandardEngine] - Starting Servlet engine: [Apache Tomcat/9.0.71]
2023-08-23 23:42:10.732 [main] [INFO] [o.a.c.c.C.[Tomcat-1].[localhost].[/]] - Initializing Spring embedded WebApplicationContext
2023-08-23 23:42:10.732 [main] [INFO] [o.s.b.w.s.c.ServletWebServerApplicationContext] - Root WebApplicationContext: initialization completed in 131 ms
2023-08-23 23:42:10.743 [main] [INFO] [o.s.b.a.e.web.EndpointLinksResolver] - Exposing 3 endpoint(s) beneath base path '/actuator'
2023-08-23 23:42:10.992 [main] [INFO] [o.a.coyote.http11.Http11NioProtocol] - Starting ProtocolHandler ["http-nio-8081"]
2023-08-23 23:42:10.994 [main] [INFO] [o.s.b.w.e.tomcat.TomcatWebServer] - Tomcat started on port(s): 8081 (http) with context path ''
2023-08-23 23:42:11.012 [main] [INFO] [sh.radical.school.SchoolApplication] - Started SchoolApplication in 5.232 seconds (JVM running for 5.931)
2023-08-23 23:42:11.514 [RMI TCP Connection(1)-192.168.1.34] [INFO] [o.a.c.c.C.[Tomcat].[localhost].[/]] - Initializing Spring DispatcherServlet 'dispatcherServlet'
2023-08-23 23:42:11.515 [RMI TCP Connection(1)-192.168.1.34] [INFO] [o.s.web.servlet.DispatcherServlet] - Initializing Servlet 'dispatcherServlet'
2023-08-23 23:42:11.516 [RMI TCP Connection(1)-192.168.1.34] [INFO] [o.s.web.servlet.DispatcherServlet] - Completed initialization in 1 ms
2023-08-23 23:42:49.311 [http-nio-8080-exec-3] [INFO] [s.r.s.controllers.EmployeeController] - Received a new create request
2023-08-23 23:42:49.535 [http-nio-8080-exec-3] [INFO] [s.r.s.controllers.EmployeeController] - Create request for Employee - 5401b455-ed75-4320-9010-39afda1de59e is complete
2023-08-23 23:45:28.418 [http-nio-8080-exec-5] [WARN] [o.s.web.servlet.PageNotFound] - Request method 'GET' not supported
2023-08-23 23:46:34.334 [http-nio-8080-exec-10] [WARN] [o.s.web.servlet.PageNotFound] - Request method 'GET' not supported
2023-08-23 23:47:10.445 [http-nio-8080-exec-2] [INFO] [o.a.coyote.http11.Http11Processor] - Error parsing HTTP request header
 Note: further occurrences of HTTP request parsing errors will be logged at DEBUG level.
java.lang.IllegalArgumentException: Invalid character found in the request target [/v1/employees/employeeId?userContext[userId]=string ]. The valid characters are defined in RFC 7230 and RFC 3986
	at org.apache.coyote.http11.Http11InputBuffer.parseRequestLine(Http11InputBuffer.java:494)
	at org.apache.coyote.http11.Http11Processor.service(Http11Processor.java:271)
	at org.apache.coyote.AbstractProcessorLight.process(AbstractProcessorLight.java:65)
	at org.apache.coyote.AbstractProtocol$ConnectionHandler.process(AbstractProtocol.java:891)
	at org.apache.tomcat.util.net.NioEndpoint$SocketProcessor.doRun(NioEndpoint.java:1784)
	at org.apache.tomcat.util.net.SocketProcessorBase.run(SocketProcessorBase.java:49)
	at org.apache.tomcat.util.threads.ThreadPoolExecutor.runWorker(ThreadPoolExecutor.java:1191)
	at org.apache.tomcat.util.threads.ThreadPoolExecutor$Worker.run(ThreadPoolExecutor.java:659)
	at org.apache.tomcat.util.threads.TaskThread$WrappingRunnable.run(TaskThread.java:61)
	at java.base/java.lang.Thread.run(Thread.java:833)
2023-08-23 23:48:14.824 [SpringApplicationShutdownHook] [INFO] [o.s.o.j.LocalContainerEntityManagerFactoryBean] - Closing JPA EntityManagerFactory for persistence unit 'default'
2023-08-23 23:48:14.831 [SpringApplicationShutdownHook] [INFO] [com.zaxxer.hikari.HikariDataSource] - HikariPool-1 - Shutdown initiated...
2023-08-23 23:48:14.835 [SpringApplicationShutdownHook] [INFO] [com.zaxxer.hikari.HikariDataSource] - HikariPool-1 - Shutdown completed.
2023-08-23 23:50:27.919 [main] [INFO] [sh.radical.school.SchoolApplication] - Starting SchoolApplication using Java 17.0.4 on saiprasadsomanchis-MacBook-Pro.local with PID 15149 (/Users/saiprasadsomanchi/Documents/personal/SpringSecurityLearning/school/build/classes/java/main started by saiprasadsomanchi in /Users/saiprasadsomanchi/Documents/personal/SpringSecurityLearning/school)
2023-08-23 23:50:27.921 [main] [INFO] [sh.radical.school.SchoolApplication] - No active profile set, falling back to 1 default profile: "default"
2023-08-23 23:50:27.921 [background-preinit] [INFO] [o.h.validator.internal.util.Version] - HV000001: Hibernate Validator 6.2.5.Final
2023-08-23 23:50:29.204 [main] [INFO] [o.s.d.r.c.RepositoryConfigurationDelegate] - Bootstrapping Spring Data JPA repositories in DEFAULT mode.
2023-08-23 23:50:29.263 [main] [INFO] [o.s.d.r.c.RepositoryConfigurationDelegate] - Finished Spring Data repository scanning in 53 ms. Found 1 JPA repository interfaces.
2023-08-23 23:50:29.752 [main] [INFO] [o.s.b.w.e.tomcat.TomcatWebServer] - Tomcat initialized with port(s): 8080 (http)
2023-08-23 23:50:29.757 [main] [INFO] [o.a.coyote.http11.Http11NioProtocol] - Initializing ProtocolHandler ["http-nio-8080"]
2023-08-23 23:50:29.757 [main] [INFO] [o.a.catalina.core.StandardService] - Starting service [Tomcat]
2023-08-23 23:50:29.757 [main] [INFO] [o.a.catalina.core.StandardEngine] - Starting Servlet engine: [Apache Tomcat/9.0.71]
2023-08-23 23:50:29.852 [main] [INFO] [o.a.c.c.C.[Tomcat].[localhost].[/]] - Initializing Spring embedded WebApplicationContext
2023-08-23 23:50:29.852 [main] [INFO] [o.s.b.w.s.c.ServletWebServerApplicationContext] - Root WebApplicationContext: initialization completed in 1829 ms
2023-08-23 23:50:30.107 [main] [INFO] [o.h.jpa.internal.util.LogHelper] - HHH000204: Processing PersistenceUnitInfo [name: default]
2023-08-23 23:50:30.128 [main] [INFO] [org.hibernate.Version] - HHH000412: Hibernate ORM core version 5.6.15.Final
2023-08-23 23:50:30.195 [main] [INFO] [o.h.annotations.common.Version] - HCANN000001: Hibernate Commons Annotations {5.1.2.Final}
2023-08-23 23:50:30.283 [main] [INFO] [com.zaxxer.hikari.HikariDataSource] - HikariPool-1 - Starting...
2023-08-23 23:50:30.452 [main] [INFO] [com.zaxxer.hikari.HikariDataSource] - HikariPool-1 - Start completed.
2023-08-23 23:50:30.460 [main] [INFO] [org.hibernate.dialect.Dialect] - HHH000400: Using dialect: org.hibernate.dialect.PostgreSQLDialect
2023-08-23 23:50:30.779 [main] [INFO] [o.h.e.t.j.p.i.JtaPlatformInitiator] - HHH000490: Using JtaPlatform implementation: [org.hibernate.engine.transaction.jta.platform.internal.NoJtaPlatform]
2023-08-23 23:50:30.784 [main] [INFO] [o.s.o.j.LocalContainerEntityManagerFactoryBean] - Initialized JPA EntityManagerFactory for persistence unit 'default'
2023-08-23 23:50:31.083 [main] [WARN] [o.s.b.a.s.s.UserDetailsServiceAutoConfiguration] - 

Using generated security password: 71516625-ca3c-4308-a4fb-17b08cd0c047

This generated password is for development use only. Your security configuration must be updated before running your application in production.

2023-08-23 23:50:31.220 [main] [WARN] [o.s.b.a.o.j.JpaBaseConfiguration$JpaWebConfiguration] - spring.jpa.open-in-view is enabled by default. Therefore, database queries may be performed during view rendering. Explicitly configure spring.jpa.open-in-view to disable this warning
2023-08-23 23:50:31.939 [main] [INFO] [o.s.s.web.DefaultSecurityFilterChain] - Will secure any request with [org.springframework.security.web.session.DisableEncodeUrlFilter@299dd381, org.springframework.security.web.context.request.async.WebAsyncManagerIntegrationFilter@34d3409d, org.springframework.security.web.context.SecurityContextPersistenceFilter@51aa2a58, org.springframework.security.web.header.HeaderWriterFilter@70e54ec3, org.springframework.web.filter.CorsFilter@16732340, org.springframework.security.web.authentication.logout.LogoutFilter@1942a36e, sh.radical.school.configurations.BasicAuthenticationFilter@40d52be7, org.springframework.security.web.savedrequest.RequestCacheAwareFilter@56554365, org.springframework.security.web.servletapi.SecurityContextHolderAwareRequestFilter@42fa5cb, org.springframework.security.web.authentication.AnonymousAuthenticationFilter@38e052b2, org.springframework.security.web.session.SessionManagementFilter@64b8eb96, org.springframework.security.web.access.ExceptionTranslationFilter@5f32ab17]
2023-08-23 23:50:32.236 [main] [INFO] [o.a.coyote.http11.Http11NioProtocol] - Starting ProtocolHandler ["http-nio-8080"]
2023-08-23 23:50:32.248 [main] [INFO] [o.s.b.w.e.tomcat.TomcatWebServer] - Tomcat started on port(s): 8080 (http) with context path ''
2023-08-23 23:50:32.355 [main] [INFO] [o.s.b.w.e.tomcat.TomcatWebServer] - Tomcat initialized with port(s): 8081 (http)
2023-08-23 23:50:32.357 [main] [INFO] [o.a.coyote.http11.Http11NioProtocol] - Initializing ProtocolHandler ["http-nio-8081"]
2023-08-23 23:50:32.357 [main] [INFO] [o.a.catalina.core.StandardService] - Starting service [Tomcat]
2023-08-23 23:50:32.357 [main] [INFO] [o.a.catalina.core.StandardEngine] - Starting Servlet engine: [Apache Tomcat/9.0.71]
2023-08-23 23:50:32.372 [main] [INFO] [o.a.c.c.C.[Tomcat-1].[localhost].[/]] - Initializing Spring embedded WebApplicationContext
2023-08-23 23:50:32.372 [main] [INFO] [o.s.b.w.s.c.ServletWebServerApplicationContext] - Root WebApplicationContext: initialization completed in 119 ms
2023-08-23 23:50:32.383 [main] [INFO] [o.s.b.a.e.web.EndpointLinksResolver] - Exposing 3 endpoint(s) beneath base path '/actuator'
2023-08-23 23:50:32.725 [main] [INFO] [o.a.coyote.http11.Http11NioProtocol] - Starting ProtocolHandler ["http-nio-8081"]
2023-08-23 23:50:32.728 [main] [INFO] [o.s.b.w.e.tomcat.TomcatWebServer] - Tomcat started on port(s): 8081 (http) with context path ''
2023-08-23 23:50:32.748 [main] [INFO] [sh.radical.school.SchoolApplication] - Started SchoolApplication in 5.298 seconds (JVM running for 5.885)
2023-08-23 23:50:33.208 [RMI TCP Connection(2)-192.168.1.34] [INFO] [o.a.c.c.C.[Tomcat].[localhost].[/]] - Initializing Spring DispatcherServlet 'dispatcherServlet'
2023-08-23 23:50:33.208 [RMI TCP Connection(2)-192.168.1.34] [INFO] [o.s.web.servlet.DispatcherServlet] - Initializing Servlet 'dispatcherServlet'
2023-08-23 23:50:33.209 [RMI TCP Connection(2)-192.168.1.34] [INFO] [o.s.web.servlet.DispatcherServlet] - Completed initialization in 1 ms
2023-08-23 23:50:36.321 [http-nio-8080-exec-1] [INFO] [s.r.s.c.EmployeeQueryController] - Received a get request for Employee 5401b455-ed75-4320-9010-39afda1de59e 
2023-08-23 23:51:22.259 [SpringApplicationShutdownHook] [INFO] [o.s.o.j.LocalContainerEntityManagerFactoryBean] - Closing JPA EntityManagerFactory for persistence unit 'default'
2023-08-23 23:51:22.266 [SpringApplicationShutdownHook] [INFO] [com.zaxxer.hikari.HikariDataSource] - HikariPool-1 - Shutdown initiated...
2023-08-23 23:51:22.276 [SpringApplicationShutdownHook] [INFO] [com.zaxxer.hikari.HikariDataSource] - HikariPool-1 - Shutdown completed.
2023-08-23 23:52:16.668 [background-preinit] [INFO] [o.h.validator.internal.util.Version] - HV000001: Hibernate Validator 6.2.5.Final
2023-08-23 23:52:16.671 [main] [INFO] [sh.radical.school.SchoolApplication] - Starting SchoolApplication using Java 17.0.4 on saiprasadsomanchis-MacBook-Pro.local with PID 15274 (/Users/saiprasadsomanchi/Documents/personal/SpringSecurityLearning/school/build/classes/java/main started by saiprasadsomanchi in /Users/saiprasadsomanchi/Documents/personal/SpringSecurityLearning/school)
2023-08-23 23:52:16.672 [main] [INFO] [sh.radical.school.SchoolApplication] - No active profile set, falling back to 1 default profile: "default"
2023-08-23 23:52:17.895 [main] [INFO] [o.s.d.r.c.RepositoryConfigurationDelegate] - Bootstrapping Spring Data JPA repositories in DEFAULT mode.
2023-08-23 23:52:17.951 [main] [INFO] [o.s.d.r.c.RepositoryConfigurationDelegate] - Finished Spring Data repository scanning in 50 ms. Found 1 JPA repository interfaces.
2023-08-23 23:52:18.494 [main] [INFO] [o.s.b.w.e.tomcat.TomcatWebServer] - Tomcat initialized with port(s): 8080 (http)
2023-08-23 23:52:18.499 [main] [INFO] [o.a.coyote.http11.Http11NioProtocol] - Initializing ProtocolHandler ["http-nio-8080"]
2023-08-23 23:52:18.500 [main] [INFO] [o.a.catalina.core.StandardService] - Starting service [Tomcat]
2023-08-23 23:52:18.500 [main] [INFO] [o.a.catalina.core.StandardEngine] - Starting Servlet engine: [Apache Tomcat/9.0.71]
2023-08-23 23:52:18.597 [main] [INFO] [o.a.c.c.C.[Tomcat].[localhost].[/]] - Initializing Spring embedded WebApplicationContext
2023-08-23 23:52:18.597 [main] [INFO] [o.s.b.w.s.c.ServletWebServerApplicationContext] - Root WebApplicationContext: initialization completed in 1867 ms
2023-08-23 23:52:19.009 [main] [INFO] [o.h.jpa.internal.util.LogHelper] - HHH000204: Processing PersistenceUnitInfo [name: default]
2023-08-23 23:52:19.034 [main] [INFO] [org.hibernate.Version] - HHH000412: Hibernate ORM core version 5.6.15.Final
2023-08-23 23:52:19.106 [main] [INFO] [o.h.annotations.common.Version] - HCANN000001: Hibernate Commons Annotations {5.1.2.Final}
2023-08-23 23:52:19.204 [main] [INFO] [com.zaxxer.hikari.HikariDataSource] - HikariPool-1 - Starting...
2023-08-23 23:52:19.364 [main] [INFO] [com.zaxxer.hikari.HikariDataSource] - HikariPool-1 - Start completed.
2023-08-23 23:52:19.373 [main] [INFO] [org.hibernate.dialect.Dialect] - HHH000400: Using dialect: org.hibernate.dialect.PostgreSQLDialect
2023-08-23 23:52:19.710 [main] [INFO] [o.h.e.t.j.p.i.JtaPlatformInitiator] - HHH000490: Using JtaPlatform implementation: [org.hibernate.engine.transaction.jta.platform.internal.NoJtaPlatform]
2023-08-23 23:52:19.720 [main] [INFO] [o.s.o.j.LocalContainerEntityManagerFactoryBean] - Initialized JPA EntityManagerFactory for persistence unit 'default'
2023-08-23 23:52:20.031 [main] [WARN] [o.s.b.a.s.s.UserDetailsServiceAutoConfiguration] - 

Using generated security password: 0a23c866-b794-4814-af1e-d2784e78c104

This generated password is for development use only. Your security configuration must be updated before running your application in production.

2023-08-23 23:52:20.167 [main] [WARN] [o.s.b.a.o.j.JpaBaseConfiguration$JpaWebConfiguration] - spring.jpa.open-in-view is enabled by default. Therefore, database queries may be performed during view rendering. Explicitly configure spring.jpa.open-in-view to disable this warning
2023-08-23 23:52:20.969 [main] [INFO] [o.s.s.web.DefaultSecurityFilterChain] - Will secure any request with [org.springframework.security.web.session.DisableEncodeUrlFilter@1a712f12, org.springframework.security.web.context.request.async.WebAsyncManagerIntegrationFilter@62525dd3, org.springframework.security.web.context.SecurityContextPersistenceFilter@44a485bc, org.springframework.security.web.header.HeaderWriterFilter@64a8d575, org.springframework.web.filter.CorsFilter@56adbb07, org.springframework.security.web.authentication.logout.LogoutFilter@54033a65, sh.radical.school.configurations.BasicAuthenticationFilter@286855ea, org.springframework.security.web.savedrequest.RequestCacheAwareFilter@1d535b78, org.springframework.security.web.servletapi.SecurityContextHolderAwareRequestFilter@780dbed7, org.springframework.security.web.authentication.AnonymousAuthenticationFilter@7be6dabb, org.springframework.security.web.session.SessionManagementFilter@36cdcae0, org.springframework.security.web.access.ExceptionTranslationFilter@71458178]
2023-08-23 23:52:25.701 [main] [INFO] [o.a.coyote.http11.Http11NioProtocol] - Starting ProtocolHandler ["http-nio-8080"]
2023-08-23 23:52:25.715 [main] [INFO] [o.s.b.w.e.tomcat.TomcatWebServer] - Tomcat started on port(s): 8080 (http) with context path ''
2023-08-23 23:52:25.819 [main] [INFO] [o.s.b.w.e.tomcat.TomcatWebServer] - Tomcat initialized with port(s): 8081 (http)
2023-08-23 23:52:25.820 [main] [INFO] [o.a.coyote.http11.Http11NioProtocol] - Initializing ProtocolHandler ["http-nio-8081"]
2023-08-23 23:52:25.821 [main] [INFO] [o.a.catalina.core.StandardService] - Starting service [Tomcat]
2023-08-23 23:52:25.821 [main] [INFO] [o.a.catalina.core.StandardEngine] - Starting Servlet engine: [Apache Tomcat/9.0.71]
2023-08-23 23:52:25.850 [main] [INFO] [o.a.c.c.C.[Tomcat-1].[localhost].[/]] - Initializing Spring embedded WebApplicationContext
2023-08-23 23:52:25.850 [main] [INFO] [o.s.b.w.s.c.ServletWebServerApplicationContext] - Root WebApplicationContext: initialization completed in 130 ms
2023-08-23 23:52:25.864 [main] [INFO] [o.s.b.a.e.web.EndpointLinksResolver] - Exposing 3 endpoint(s) beneath base path '/actuator'
2023-08-23 23:52:26.096 [main] [INFO] [o.a.coyote.http11.Http11NioProtocol] - Starting ProtocolHandler ["http-nio-8081"]
2023-08-23 23:52:26.100 [main] [INFO] [o.s.b.w.e.tomcat.TomcatWebServer] - Tomcat started on port(s): 8081 (http) with context path ''
2023-08-23 23:52:26.117 [main] [INFO] [sh.radical.school.SchoolApplication] - Started SchoolApplication in 9.965 seconds (JVM running for 11.939)
2023-08-23 23:52:26.573 [RMI TCP Connection(1)-192.168.1.34] [INFO] [o.a.c.c.C.[Tomcat].[localhost].[/]] - Initializing Spring DispatcherServlet 'dispatcherServlet'
2023-08-23 23:52:26.573 [RMI TCP Connection(1)-192.168.1.34] [INFO] [o.s.web.servlet.DispatcherServlet] - Initializing Servlet 'dispatcherServlet'
2023-08-23 23:52:26.574 [RMI TCP Connection(1)-192.168.1.34] [INFO] [o.s.web.servlet.DispatcherServlet] - Completed initialization in 1 ms
2023-08-23 23:53:30.856 [http-nio-8080-exec-2] [INFO] [s.r.s.c.EmployeeQueryController] - Received a get request for Employee 5401b455-ed75-4320-9010-39afda1de59e 
2023-08-23 23:54:11.482 [http-nio-8080-exec-3] [INFO] [s.r.s.controllers.EmployeeController] - Received a new create request
2023-08-23 23:54:11.615 [http-nio-8080-exec-3] [INFO] [s.r.s.controllers.EmployeeController] - Create request for Employee - 0f4849ab-7c1d-4ba2-813b-9bce69e63215 is complete
2023-08-23 23:54:41.787 [http-nio-8080-exec-4] [INFO] [s.r.s.c.EmployeeQueryController] - Received a get request for Employee 0f4849ab-7c1d-4ba2-813b-9bce69e63215 
2023-08-23 23:55:11.599 [HikariPool-1 housekeeper] [WARN] [com.zaxxer.hikari.pool.HikariPool] - HikariPool-1 - Thread starvation or clock leap detected (housekeeper delta=55s422ms).
2023-08-23 23:55:32.746 [http-nio-8080-exec-4] [INFO] [s.r.s.c.EmployeeQueryController] - Get request for Employee 0f4849ab-7c1d-4ba2-813b-9bce69e63215 is complete 
2023-08-23 23:59:10.173 [http-nio-8080-exec-3] [INFO] [o.s.api.AbstractOpenApiResource] - Init duration for springdoc-openapi is: 226 ms
